<?xml version="1.0" encoding="UTF-8" ?>
<testsuite failures="0" time="0.048" errors="0" skipped="0" tests="3" name="marytts.language.ar.ArabicConfigTest">
  <properties>
    <property name="java.runtime.name" value="Java(TM) SE Runtime Environment"/>
    <property name="sun.boot.library.path" value="/usr/lib/jvm/java-7-oracle/jre/lib/amd64"/>
    <property name="java.vm.version" value="24.65-b04"/>
    <property name="java.vm.vendor" value="Oracle Corporation"/>
    <property name="java.vendor.url" value="http://java.oracle.com/"/>
    <property name="path.separator" value=":"/>
    <property name="java.vm.name" value="Java HotSpot(TM) 64-Bit Server VM"/>
    <property name="file.encoding.pkg" value="sun.io"/>
    <property name="user.country" value="US"/>
    <property name="sun.java.launcher" value="SUN_STANDARD"/>
    <property name="sun.os.patch.level" value="unknown"/>
    <property name="java.vm.specification.name" value="Java Virtual Machine Specification"/>
    <property name="user.dir" value="/media/bigdisk/git_repos/marytts-lang-ar"/>
    <property name="java.runtime.version" value="1.7.0_65-b17"/>
    <property name="java.awt.graphicsenv" value="sun.awt.X11GraphicsEnvironment"/>
    <property name="basedir" value="/media/bigdisk/git_repos/marytts-lang-ar"/>
    <property name="java.endorsed.dirs" value="/usr/lib/jvm/java-7-oracle/jre/lib/endorsed"/>
    <property name="os.arch" value="amd64"/>
    <property name="surefire.real.class.path" value="/media/bigdisk/git_repos/marytts-lang-ar/target/surefire/surefirebooter6136980292818890240.jar"/>
    <property name="java.io.tmpdir" value="/tmp"/>
    <property name="line.separator" value="
"/>
    <property name="java.vm.specification.vendor" value="Oracle Corporation"/>
    <property name="os.name" value="Linux"/>
    <property name="sun.jnu.encoding" value="UTF-8"/>
    <property name="java.library.path" value="/usr/java/packages/lib/amd64:/usr/lib64:/lib64:/lib:/usr/lib"/>
    <property name="surefire.test.class.path" value="/media/bigdisk/git_repos/marytts-lang-ar/target/test-classes:/media/bigdisk/git_repos/marytts-lang-ar/target/classes:/home/harald/.m2/repository/marytts/marytts-common/5.1-SNAPSHOT/marytts-common-5.1-SNAPSHOT.jar:/home/harald/.m2/repository/commons-io/commons-io/2.0.1/commons-io-2.0.1.jar:/home/harald/.m2/repository/log4j/log4j/1.2.16/log4j-1.2.16.jar:/home/harald/.m2/repository/marytts/marytts-signalproc/5.1-SNAPSHOT/marytts-signalproc-5.1-SNAPSHOT.jar:/home/harald/.m2/repository/org/swinglabs/swing-layout/1.0.3/swing-layout-1.0.3.jar:/home/harald/.m2/repository/marytts/marytts-runtime/5.1-SNAPSHOT/marytts-runtime-5.1-SNAPSHOT.jar:/home/harald/.m2/repository/commons-lang/commons-lang/2.6/commons-lang-2.6.jar:/home/harald/.m2/repository/commons-collections/commons-collections/3.2.1/commons-collections-3.2.1.jar:/home/harald/.m2/repository/emotionml-checker-java/emotionml-checker-java/1.0-SNAPSHOT/emotionml-checker-java-1.0-SNAPSHOT.jar:/home/harald/.m2/repository/com/sun/speech/freetts/freetts/1.0/freetts-1.0.jar:/home/harald/.m2/repository/com/sun/speech/freetts/freetts-de/1.0/freetts-de-1.0.jar:/home/harald/.m2/repository/com/sun/speech/freetts/freetts-en_us/1.0/freetts-en_us-1.0.jar:/home/harald/.m2/repository/de/dfki/lt/jtok/jtok-core/1.9.1/jtok-core-1.9.1.jar:/home/harald/.m2/repository/net/sf/trove4j/trove4j/2.0.2/trove4j-2.0.2.jar:/home/harald/.m2/repository/org/apache/opennlp/opennlp-maxent/3.0.1-incubating/opennlp-maxent-3.0.1-incubating.jar:/home/harald/.m2/repository/org/apache/opennlp/opennlp-tools/1.5.1-incubating/opennlp-tools-1.5.1-incubating.jar:/home/harald/.m2/repository/jwnl/jwnl/1.3.3/jwnl-1.3.3.jar:/home/harald/.m2/repository/org/hsqldb/hsqldb/2.0.0/hsqldb-2.0.0.jar:/home/harald/.m2/repository/junit/junit/4.8.2/junit-4.8.2.jar:/home/harald/.m2/repository/javax/json/javax.json-api/1.0/javax.json-api-1.0.jar:"/>
    <property name="java.specification.name" value="Java Platform API Specification"/>
    <property name="java.class.version" value="51.0"/>
    <property name="sun.management.compiler" value="HotSpot 64-Bit Tiered Compilers"/>
    <property name="os.version" value="3.13.0-68-generic"/>
    <property name="user.home" value="/home/harald"/>
    <property name="user.timezone" value=""/>
    <property name="java.awt.printerjob" value="sun.print.PSPrinterJob"/>
    <property name="file.encoding" value="UTF-8"/>
    <property name="java.specification.version" value="1.7"/>
    <property name="user.name" value="harald"/>
    <property name="java.class.path" value="/media/bigdisk/git_repos/marytts-lang-ar/target/test-classes:/media/bigdisk/git_repos/marytts-lang-ar/target/classes:/home/harald/.m2/repository/marytts/marytts-common/5.1-SNAPSHOT/marytts-common-5.1-SNAPSHOT.jar:/home/harald/.m2/repository/commons-io/commons-io/2.0.1/commons-io-2.0.1.jar:/home/harald/.m2/repository/log4j/log4j/1.2.16/log4j-1.2.16.jar:/home/harald/.m2/repository/marytts/marytts-signalproc/5.1-SNAPSHOT/marytts-signalproc-5.1-SNAPSHOT.jar:/home/harald/.m2/repository/org/swinglabs/swing-layout/1.0.3/swing-layout-1.0.3.jar:/home/harald/.m2/repository/marytts/marytts-runtime/5.1-SNAPSHOT/marytts-runtime-5.1-SNAPSHOT.jar:/home/harald/.m2/repository/commons-lang/commons-lang/2.6/commons-lang-2.6.jar:/home/harald/.m2/repository/commons-collections/commons-collections/3.2.1/commons-collections-3.2.1.jar:/home/harald/.m2/repository/emotionml-checker-java/emotionml-checker-java/1.0-SNAPSHOT/emotionml-checker-java-1.0-SNAPSHOT.jar:/home/harald/.m2/repository/com/sun/speech/freetts/freetts/1.0/freetts-1.0.jar:/home/harald/.m2/repository/com/sun/speech/freetts/freetts-de/1.0/freetts-de-1.0.jar:/home/harald/.m2/repository/com/sun/speech/freetts/freetts-en_us/1.0/freetts-en_us-1.0.jar:/home/harald/.m2/repository/de/dfki/lt/jtok/jtok-core/1.9.1/jtok-core-1.9.1.jar:/home/harald/.m2/repository/net/sf/trove4j/trove4j/2.0.2/trove4j-2.0.2.jar:/home/harald/.m2/repository/org/apache/opennlp/opennlp-maxent/3.0.1-incubating/opennlp-maxent-3.0.1-incubating.jar:/home/harald/.m2/repository/org/apache/opennlp/opennlp-tools/1.5.1-incubating/opennlp-tools-1.5.1-incubating.jar:/home/harald/.m2/repository/jwnl/jwnl/1.3.3/jwnl-1.3.3.jar:/home/harald/.m2/repository/org/hsqldb/hsqldb/2.0.0/hsqldb-2.0.0.jar:/home/harald/.m2/repository/junit/junit/4.8.2/junit-4.8.2.jar:/home/harald/.m2/repository/javax/json/javax.json-api/1.0/javax.json-api-1.0.jar:"/>
    <property name="java.vm.specification.version" value="1.7"/>
    <property name="sun.arch.data.model" value="64"/>
    <property name="java.home" value="/usr/lib/jvm/java-7-oracle/jre"/>
    <property name="sun.java.command" value="/media/bigdisk/git_repos/marytts-lang-ar/target/surefire/surefirebooter6136980292818890240.jar /media/bigdisk/git_repos/marytts-lang-ar/target/surefire/surefire4054033463065543841tmp /media/bigdisk/git_repos/marytts-lang-ar/target/surefire/surefire354669220587368766tmp"/>
    <property name="java.specification.vendor" value="Oracle Corporation"/>
    <property name="user.language" value="en"/>
    <property name="awt.toolkit" value="sun.awt.X11.XToolkit"/>
    <property name="java.vm.info" value="mixed mode"/>
    <property name="java.version" value="1.7.0_65"/>
    <property name="java.ext.dirs" value="/usr/lib/jvm/java-7-oracle/jre/lib/ext:/usr/java/packages/lib/ext"/>
    <property name="sun.boot.class.path" value="/usr/lib/jvm/java-7-oracle/jre/lib/resources.jar:/usr/lib/jvm/java-7-oracle/jre/lib/rt.jar:/usr/lib/jvm/java-7-oracle/jre/lib/sunrsasign.jar:/usr/lib/jvm/java-7-oracle/jre/lib/jsse.jar:/usr/lib/jvm/java-7-oracle/jre/lib/jce.jar:/usr/lib/jvm/java-7-oracle/jre/lib/charsets.jar:/usr/lib/jvm/java-7-oracle/jre/lib/jfr.jar:/usr/lib/jvm/java-7-oracle/jre/classes"/>
    <property name="java.vendor" value="Oracle Corporation"/>
    <property name="localRepository" value="/home/harald/.m2/repository"/>
    <property name="file.separator" value="/"/>
    <property name="java.vendor.url.bug" value="http://bugreport.sun.com/bugreport/"/>
    <property name="sun.cpu.endian" value="little"/>
    <property name="sun.io.unicode.encoding" value="UnicodeLittle"/>
    <property name="sun.desktop" value="gnome"/>
    <property name="sun.cpu.isalist" value=""/>
  </properties>
  <testcase time="0.007" classname="marytts.language.ar.ArabicConfigTest" name="isNotMainConfig"/>
  <testcase time="0.002" classname="marytts.language.ar.ArabicConfigTest" name="canGet"/>
  <testcase time="0" classname="marytts.language.ar.ArabicConfigTest" name="hasArabicLocale"/>
</testsuite>